[18:57:34] [ServerMain/INFO]: Environment: Environment[sessionHost=https://sessionserver.mojang.com, servicesHost=https://api.minecraftservices.com, name=PROD]
[18:57:35] [ServerMain/INFO]: Loaded 1290 recipes
[18:57:35] [ServerMain/INFO]: Loaded 1399 advancements
[18:57:35] [Server thread/INFO]: Starting minecraft server version 1.21
[18:57:35] [Server thread/INFO]: Loading properties
[18:57:35] [Server thread/INFO]: This server is running Purpur version 1.21-2250-ver/1.21@797ce6b (2024-06-28T09:53:59Z) (Implementing API version 1.21-R0.1-SNAPSHOT)
[18:57:36] [Server thread/INFO]: Server Ping Player Sample Count: 12
[18:57:36] [Server thread/INFO]: Using 4 threads for Netty based IO
[18:57:37] [Server thread/INFO]: [ChunkTaskScheduler] Chunk system is using 1 I/O threads, 3 worker threads, and population gen parallelism of 3 threads
[18:57:37] [Server thread/INFO]: Default game type: SURVIVAL
[18:57:37] [Server thread/INFO]: Generating keypair
[18:57:37] [Server thread/INFO]: Starting Minecraft server on *:25566
[18:57:37] [Server thread/INFO]: Using epoll channel type
[18:57:37] [Server thread/INFO]: Paper: Using libdeflate (Linux x86_64) compression from Velocity.
[18:57:37] [Server thread/INFO]: Paper: Using OpenSSL 3.0.x (Linux x86_64) cipher from Velocity.
[18:57:38] [Server thread/INFO]: [spark] Loading server plugin spark v1.10.73
[18:57:38] [Server thread/INFO]: [voicechat] Loading server plugin voicechat v2.5.16
[18:57:38] [Server thread/INFO]: [patsswapplugin] Loading server plugin patsswapplugin v0.2.5
[18:57:38] [Server thread/INFO]: [odad] Loading server plugin odad v1.5
[18:57:38] [Server thread/INFO]: Server permissions file permissions.yml is empty, ignoring it
[18:57:38] [Server thread/INFO]: Preparing level "world"
[18:57:38] [Server thread/INFO]: Preparing start region for dimension minecraft:overworld
[18:57:39] [Server thread/INFO]: Time elapsed: 857 ms
[18:57:39] [Server thread/INFO]: Preparing start region for dimension minecraft:the_nether
[18:57:39] [Server thread/INFO]: Time elapsed: 91 ms
[18:57:39] [Server thread/INFO]: Preparing start region for dimension minecraft:the_end
[18:57:39] [Server thread/INFO]: Time elapsed: 46 ms
[18:57:39] [Server thread/INFO]: [spark] Enabling spark v1.10.73
[18:57:40] [Server thread/INFO]: [spark] Using Paper ServerTickStartEvent for tick monitoring
[18:57:40] [Server thread/INFO]: [spark] Starting background profiler...
[18:57:41] [Server thread/INFO]: [voicechat] Enabling voicechat v2.5.16
[18:57:41] [Server thread/INFO]: [voicechat] Initializing compatibility for Bukkit version 1.21-R0.1
[18:57:41] [Server thread/INFO]: [voicechat] Compatibility version 18
[18:57:41] [Server thread/INFO]: [voicechat] Successfully initialized commodore command completion
[18:57:41] [Server thread/INFO]: [patsswapplugin] Enabling patsswapplugin v0.2.5
[18:57:41] [Server thread/INFO]: [patsswapplugin] patsswapplugin enabled
[18:57:41] [Server thread/INFO]: [odad] Enabling odad v1.5
[18:57:41] [Server thread/INFO]: [odad] odad enabled
[18:57:41] [Server thread/INFO]: Running delayed init tasks
[18:57:41] [Server thread/INFO]: Done (5.492s)! For help, type "help"
[18:57:41] [Server thread/INFO]: [voicechat] Loading plugins
[18:57:41] [Server thread/INFO]: [voicechat] Loaded 0 plugin(s)
[18:57:41] [Server thread/INFO]: [voicechat] Initializing plugins
[18:57:41] [Server thread/INFO]: [voicechat] Initialized 0 plugin(s)
[18:57:41] [Server thread/INFO]: [voicechat] Using the Minecraft servers port as voice chat port
[18:57:41] [VoiceChatServerThread/INFO]: [voicechat] Voice chat server started at port 25566
[18:57:48] [User Authenticator #0/INFO]: UUID of player goldpat is a8e4d611-080f-4344-b85b-7b331b7af0ee
[18:57:48] [Server thread/INFO]: goldpat joined the game
[18:57:49] [Server thread/INFO]: goldpat[/192.168.0.239:54760] logged in with entity id 97 at ([world]7.206521133157626, 119.0, -39.49842153567333)
[18:57:49] [Server thread/INFO]: [voicechat] Received secret request of goldpat (18)
[18:57:50] [Server thread/INFO]: [voicechat] Sent secret to goldpat
[18:57:50] [VoiceChatPacketProcessingThread/INFO]: [voicechat] Successfully authenticated player a8e4d611-080f-4344-b85b-7b331b7af0ee
[18:57:51] [VoiceChatPacketProcessingThread/INFO]: [voicechat] Successfully validated connection of player a8e4d611-080f-4344-b85b-7b331b7af0ee
[18:57:51] [VoiceChatPacketProcessingThread/INFO]: [voicechat] Player goldpat (a8e4d611-080f-4344-b85b-7b331b7af0ee) successfully connected to voice chat
[18:57:54] [Server thread/INFO]: goldpat issued server command: /gamemode creative
[18:57:54] [Server thread/INFO]: [goldpat: Set own game mode to Creative Mode]
[18:58:03] [Server thread/INFO]: goldpat issued server command: /gamemode survival
[18:58:03] [Server thread/INFO]: [goldpat: Set own game mode to Survival Mode]
[18:58:05] [Server thread/INFO]: goldpat lost connection: goldpat went KABOOM because of a creeper.
[18:58:05] [Server thread/INFO]: [voicechat] Disconnecting client goldpat
[18:58:05] [Server thread/INFO]: goldpat left the game
[18:58:05] [Server thread/INFO]: goldpat was blown up by Creeper
[18:58:05] [Server thread/INFO]: Stopping server
[18:58:05] [Server thread/INFO]: [odad] Disabling odad v1.5
[18:58:05] [Server thread/INFO]: [odad] odad disabled
[18:58:05] [Server thread/INFO]: [patsswapplugin] Disabling patsswapplugin v0.2.5
[18:58:05] [Server thread/INFO]: [patsswapplugin] patsswapplugin disabled
[18:58:05] [Server thread/INFO]: [voicechat] Disabling voicechat v2.5.16
[18:58:05] [Server thread/INFO]: [spark] Disabling spark v1.10.73
[18:58:05] [Server thread/INFO]: Saving players
[18:58:05] [Server thread/INFO]: Saving worlds
[18:58:05] [Server thread/INFO]: Saving chunks for level 'ServerLevel[world]'/minecraft:overworld
[18:58:05] [Server thread/INFO]: [ChunkHolderManager] Waiting 60s for chunk system to halt for world 'world'
[18:58:05] [Server thread/INFO]: [ChunkHolderManager] Halted chunk system for world 'world'
[18:58:05] [Server thread/INFO]: [ChunkHolderManager] Saving all chunkholders for world 'world'
[18:58:08] [Server thread/INFO]: [ChunkHolderManager] Saved 1097 block chunks, 1097 entity chunks, 0 poi chunks in world 'world' in 2.70s
[18:58:08] [Server thread/INFO]: Saving chunks for level 'ServerLevel[world_nether]'/minecraft:the_nether
[18:58:08] [Server thread/INFO]: [ChunkHolderManager] Waiting 60s for chunk system to halt for world 'world_nether'
[18:58:08] [Server thread/INFO]: [ChunkHolderManager] Halted chunk system for world 'world_nether'
[18:58:08] [Server thread/INFO]: [ChunkHolderManager] Saving all chunkholders for world 'world_nether'
[18:58:08] [Server thread/INFO]: [ChunkHolderManager] Saved 49 block chunks, 49 entity chunks, 0 poi chunks in world 'world_nether' in 0.18s
[18:58:08] [Server thread/INFO]: Saving chunks for level 'ServerLevel[world_the_end]'/minecraft:the_end
[18:58:09] [Server thread/INFO]: [ChunkHolderManager] Waiting 60s for chunk system to halt for world 'world_the_end'
[18:58:09] [Server thread/INFO]: [ChunkHolderManager] Halted chunk system for world 'world_the_end'
[18:58:09] [Server thread/INFO]: [ChunkHolderManager] Saving all chunkholders for world 'world_the_end'
[18:58:09] [Server thread/INFO]: [ChunkHolderManager] Saved 49 block chunks, 49 entity chunks, 0 poi chunks in world 'world_the_end' in 0.19s
[18:58:09] [Server thread/INFO]: ThreadedAnvilChunkStorage (world): All chunks are saved
[18:58:09] [Server thread/INFO]: ThreadedAnvilChunkStorage (DIM-1): All chunks are saved
[18:58:09] [Server thread/INFO]: ThreadedAnvilChunkStorage (DIM1): All chunks are saved
[18:58:09] [Server thread/INFO]: ThreadedAnvilChunkStorage: All dimensions are saved
